[debug] [2026-04-01T00:19:11.932Z] ----------------------------------------------------------------------
[debug] [2026-04-01T00:19:11.934Z] Command:       C:\Program Files\nodejs\node.exe C:\Users\nicolas_wischral\Downloads\Projeto---Teste-main\Projeto---Teste-main\portifolio\node_modules\firebase-tools\lib\bin\firebase.js login:ci
[debug] [2026-04-01T00:19:11.934Z] CLI Version:   13.35.1
[debug] [2026-04-01T00:19:11.934Z] Platform:      win32
[debug] [2026-04-01T00:19:11.935Z] Node Version:  v24.11.1
[debug] [2026-04-01T00:19:11.935Z] Time:          Tue Mar 31 2026 21:19:11 GMT-0300 (Horário Padrão de Brasília)
[debug] [2026-04-01T00:19:11.935Z] ----------------------------------------------------------------------
[debug] 
[debug] [2026-04-01T00:19:11.937Z] >>> [apiv2][query] GET https://firebase-public.firebaseio.com/cli.json [none]
[warn] !  Authenticating with a `login:ci` token is deprecated and will be removed in a future major version of `firebase-tools`. Instead, use a service account key with `GOOGLE_APPLICATION_CREDENTIALS`: https://cloud.google.com/docs/authentication/getting-started 
[info] 
[info] Visit this URL on this device to log in:
[info] https://accounts.google.com/o/oauth2/auth?client_id=563584335869-fgrhgmd47bqnekij5i8b5pr03ho849e6.apps.googleusercontent.com&scope=email%20openid%20https%3A%2F%2Fwww.googleapis.com%2Fauth%2Fcloudplatformprojects.readonly%20https%3A%2F%2Fwww.googleapis.com%2Fauth%2Ffirebase%20https%3A%2F%2Fwww.googleapis.com%2Fauth%2Fcloud-platform&response_type=code&state=405116871&redirect_uri=http%3A%2F%2Flocalhost%3A9005
[info] 
[info] Waiting for authentication...
[debug] [2026-04-01T00:19:12.166Z] Error: spawn cmd ENOENT
    at ChildProcess._handle.onexit (node:internal/child_process:286:19)
    at onErrorNT (node:internal/child_process:484:16)
    at process.processTicksAndRejections (node:internal/process/task_queues:89:21)
[error] 
[error] Error: An unexpected error has occurred.
